e:\work\app_2team\project\99.gui\tool_parsing\mfcapplication1\mfcapplication1\debug\parsing.pch
e:\work\app_2team\project\99.gui\tool_parsing\mfcapplication1\mfcapplication1\debug\vc120.pdb
e:\work\app_2team\project\99.gui\tool_parsing\mfcapplication1\mfcapplication1\debug\vc120.idb
e:\work\app_2team\project\99.gui\tool_parsing\mfcapplication1\mfcapplication1\debug\stdafx.obj
e:\work\app_2team\project\99.gui\tool_parsing\mfcapplication1\mfcapplication1\debug\graph.obj
e:\work\app_2team\project\99.gui\tool_parsing\mfcapplication1\mfcapplication1\debug\mfcapplication1.obj
e:\work\app_2team\project\99.gui\tool_parsing\mfcapplication1\mfcapplication1\debug\mfcapplication1dlg.obj
e:\work\app_2team\project\99.gui\tool_parsing\mfcapplication1\mfcapplication1\debug\mlinechartconfig.obj
e:\work\app_2team\project\99.gui\tool_parsing\mfcapplication1\mfcapplication1\debug\mlinechartctrl.obj
e:\work\app_2team\project\99.gui\tool_parsing\mfcapplication1\mfcapplication1\debug\mlinechartdata.obj
e:\work\app_2team\project\99.gui\tool_parsing\mfcapplication1\mfcapplication1\debug\xlautomation.obj
e:\work\app_2team\project\99.gui\tool_parsing\mfcapplication1\mfcapplication1\debug\xlezautomation.obj
e:\work\app_2team\project\99.gui\tool_parsing\mfcapplication1\mfcapplication1\debug\mfcapplication1.res
e:\work\app_2team\project\99.gui\tool_parsing\mfcapplication1\debug\parsing.exe
e:\work\app_2team\project\99.gui\tool_parsing\mfcapplication1\mfcapplication1\debug\parsing.tlog\cl.command.1.tlog
e:\work\app_2team\project\99.gui\tool_parsing\mfcapplication1\mfcapplication1\debug\parsing.tlog\cl.read.1.tlog
e:\work\app_2team\project\99.gui\tool_parsing\mfcapplication1\mfcapplication1\debug\parsing.tlog\cl.write.1.tlog
e:\work\app_2team\project\99.gui\tool_parsing\mfcapplication1\mfcapplication1\debug\parsing.tlog\link.command.1.tlog
e:\work\app_2team\project\99.gui\tool_parsing\mfcapplication1\mfcapplication1\debug\parsing.tlog\link.read.1.tlog
e:\work\app_2team\project\99.gui\tool_parsing\mfcapplication1\mfcapplication1\debug\parsing.tlog\link.write.1.tlog
e:\work\app_2team\project\99.gui\tool_parsing\mfcapplication1\mfcapplication1\debug\parsing.tlog\rc.command.1.tlog
e:\work\app_2team\project\99.gui\tool_parsing\mfcapplication1\mfcapplication1\debug\parsing.tlog\rc.read.1.tlog
e:\work\app_2team\project\99.gui\tool_parsing\mfcapplication1\mfcapplication1\debug\parsing.tlog\rc.write.1.tlog
